0 info it worked if it ends with ok
1 verbose cli [ '/Users/macbookpro/.nvm/versions/node/v6.17.1/bin/node',
1 verbose cli   '/Users/macbookpro/.nvm/versions/node/v6.17.1/bin/npm',
1 verbose cli   'run',
1 verbose cli   'build' ]
2 info using npm@3.10.10
3 info using node@v6.17.1
4 verbose run-script [ 'prebuild', 'build', 'postbuild' ]
5 info lifecycle clggroup@1.0.4~prebuild: clggroup@1.0.4
6 silly lifecycle clggroup@1.0.4~prebuild: no script for prebuild, continuing
7 info lifecycle clggroup@1.0.4~build: clggroup@1.0.4
8 verbose lifecycle clggroup@1.0.4~build: unsafe-perm in lifecycle true
9 verbose lifecycle clggroup@1.0.4~build: PATH: /Users/macbookpro/.nvm/versions/node/v6.17.1/lib/node_modules/npm/bin/node-gyp-bin:/Users/macbookpro/Documents/git/freelancer2021/shoptify/shoptify-base/node_modules/.bin:/Users/macbookpro/.nvm/versions/node/v6.17.1/bin:/usr/local/bin:/usr/bin:/bin:/usr/sbin:/sbin
10 verbose lifecycle clggroup@1.0.4~build: CWD: /Users/macbookpro/Documents/git/freelancer2021/shoptify/shoptify-base
11 silly lifecycle clggroup@1.0.4~build: Args: [ '-c', 'gulp build' ]
12 silly lifecycle clggroup@1.0.4~build: Returned: code: 1  signal: null
13 info lifecycle clggroup@1.0.4~build: Failed to exec build script
14 verbose stack Error: clggroup@1.0.4 build: `gulp build`
14 verbose stack Exit status 1
14 verbose stack     at EventEmitter.<anonymous> (/Users/macbookpro/.nvm/versions/node/v6.17.1/lib/node_modules/npm/lib/utils/lifecycle.js:255:16)
14 verbose stack     at emitTwo (events.js:106:13)
14 verbose stack     at EventEmitter.emit (events.js:191:7)
14 verbose stack     at ChildProcess.<anonymous> (/Users/macbookpro/.nvm/versions/node/v6.17.1/lib/node_modules/npm/lib/utils/spawn.js:40:14)
14 verbose stack     at emitTwo (events.js:106:13)
14 verbose stack     at ChildProcess.emit (events.js:191:7)
14 verbose stack     at maybeClose (internal/child_process.js:920:16)
14 verbose stack     at Process.ChildProcess._handle.onexit (internal/child_process.js:230:5)
15 verbose pkgid clggroup@1.0.4
16 verbose cwd /Users/macbookpro/Documents/git/freelancer2021/shoptify/shoptify-base
17 error Darwin 20.3.0
18 error argv "/Users/macbookpro/.nvm/versions/node/v6.17.1/bin/node" "/Users/macbookpro/.nvm/versions/node/v6.17.1/bin/npm" "run" "build"
19 error node v6.17.1
20 error npm  v3.10.10
21 error code ELIFECYCLE
22 error clggroup@1.0.4 build: `gulp build`
22 error Exit status 1
23 error Failed at the clggroup@1.0.4 build script 'gulp build'.
23 error Make sure you have the latest version of node.js and npm installed.
23 error If you do, this is most likely a problem with the clggroup package,
23 error not with npm itself.
23 error Tell the author that this fails on your system:
23 error     gulp build
23 error You can get information on how to open an issue for this project with:
23 error     npm bugs clggroup
23 error Or if that isn't available, you can get their info via:
23 error     npm owner ls clggroup
23 error There is likely additional logging output above.
24 verbose exit [ 1, true ]
